<?xml version="1.0" encoding="UTF-8"?>
<!-- Generated by org.testng.reporters.JUnitReportReporter -->
<testsuite skipped="0" hostname="Prasads-Mac-Pro.local" name="com.go4er.testcases.skip_WelcomeScreensTest" tests="1" failures="0" timestamp="2019-10-13T18:18:01 IST" time="37.807" errors="0">
  <testcase name="skip_Welcome" time="37.807" classname="com.go4er.testcases.skip_WelcomeScreensTest"/>
</testsuite> <!-- com.go4er.testcases.skip_WelcomeScreensTest -->
