<?xml version="1.0" encoding="UTF-8"?>
<!-- Generated by org.testng.reporters.JUnitReportReporter -->
<testsuite skipped="0" hostname="Prasads-Mac-Pro.local" name="com.go4er.testcases.LoginTest" tests="1" failures="0" timestamp="2019-10-12T12:56:46 IST" time="19.896" errors="0">
  <testcase name="welcome_Screes" time="19.896" classname="com.go4er.testcases.LoginTest"/>
</testsuite> <!-- com.go4er.testcases.LoginTest -->
